<?xml version="1.0" encoding="UTF-8"?>
<testsuite name="com.example.rqchallenge.service.EmployeeDetailsWriteServiceTest" tests="2" skipped="0" failures="0" errors="0" timestamp="2022-08-30T13:49:15" hostname="MAC-C02GK3Q6MD6M" time="0.01">
  <properties/>
  <testcase name="deleteEmployeeDataById()" classname="com.example.rqchallenge.service.EmployeeDetailsWriteServiceTest" time="0.002"/>
  <testcase name="insertEmployeeData()" classname="com.example.rqchallenge.service.EmployeeDetailsWriteServiceTest" time="0.008"/>
  <system-out><![CDATA[]]></system-out>
  <system-err><![CDATA[]]></system-err>
</testsuite>
